Processing test statements
================================================================================
### Statement:
sql: select count(*) as t1 from s_settings where key_name = 'STARTWORKDATE'
expect_values:
  t1: '1'

### Variables:
{}

### Results:
<result set row with T1 = 1>
PASSED
================================================================================
### Statement:
sql: select count(*) as t1 from s_settings where key_name = 'STOPWORKDATE'
expect_values:
  t1: '1'

### Variables:
T1: '1'

### Results:
<result set row with T1 = 1>
PASSED
================================================================================
### Statement:
sql: select count(*) as t1 from s_settings where key_name = 'ALLOW_ROLLBACK_CHECK'
expect_values:
  t1: '1'

### Variables:
T1: '1'

### Results:
<result set row with T1 = 1>
PASSED
================================================================================
### Statement:
sql: select count(*) as t1 from s_settings where key_name = 'DISALLOW_SALE_DOWNCOST'
expect_values:
  t1: '1'

### Variables:
T1: '1'

### Results:
<result set row with T1 = 1>
PASSED
================================================================================
